<?xml version="1.0" encoding="UTF-8"?>
<!-- Generated by org.testng.reporters.JUnitReportReporter -->
<testsuite hostname="LAPTOP-45KDNTCC" failures="0" tests="1" name="testBase.BaseClass" time="12.248" errors="0" timestamp="2023-07-24T11:56:59 IST" skipped="0">
  <testcase classname="testBase.BaseClass" name="setup" time="12.248"/>
  <system-out/>
</testsuite> <!-- testBase.BaseClass -->
