<?xml version="1.0" encoding="UTF-8"?>
<!-- Generated by org.testng.reporters.JUnitReportReporter -->
<testsuite hostname="LAPTOP-45KDNTCC" failures="0" tests="1" name="testCases.TC_002_LoginTest" time="1.905" errors="0" timestamp="2023-08-14T16:14:08 IST" skipped="0">
  <testcase classname="testCases.TC_002_LoginTest" name="Test_login" time="1.905"/>
</testsuite> <!-- testCases.TC_002_LoginTest -->
